2019-06-12 00:38:06,756:WARNING:discord.client: PyNaCl is not installed, voice will NOT be supported
2019-06-12 00:38:06,757:DEBUG:discord.client: on_ready has successfully been registered as an event
2019-06-12 00:38:06,757:DEBUG:discord.client: on_member_join has successfully been registered as an event
2019-06-12 00:38:06,757:DEBUG:discord.client: on_message has successfully been registered as an event
2019-06-12 00:38:06,757:INFO:discord.client: logging in using static token
2019-06-12 00:38:06,978:DEBUG:discord.http: GET https://discordapp.com/api/v7/users/@me with None has returned 200
2019-06-12 00:38:06,978:DEBUG:discord.http: GET https://discordapp.com/api/v7/users/@me has received {'username': 'Goku Black', 'verified': True, 'locale': 'en-US', 'mfa_enabled': False, 'bot': True, 'id': '582809508972068864', 'flags': 0, 'avatar': '915142fd245088ca99a762932e452d80', 'discriminator': '5306', 'email': None}
2019-06-12 00:38:07,012:DEBUG:discord.http: GET https://discordapp.com/api/v7/gateway with None has returned 200
2019-06-12 00:38:07,012:DEBUG:discord.http: GET https://discordapp.com/api/v7/gateway has received {'url': 'wss://gateway.discord.gg'}
2019-06-12 00:38:07,328:INFO:discord.gateway: Created websocket connected to wss://gateway.discord.gg?encoding=json&v=6&compress=zlib-stream
2019-06-12 00:38:07,328:DEBUG:discord.client: Dispatching event socket_raw_receive
2019-06-12 00:38:07,328:DEBUG:discord.gateway: For Shard ID None: WebSocket Event: {'t': None, 's': None, 'op': 10, 'd': {'heartbeat_interval': 41250, '_trace': ['["gateway-prd-main-gbs0",{"micros":0.0}]']}}
2019-06-12 00:38:07,329:DEBUG:discord.client: Dispatching event socket_response
2019-06-12 00:38:07,329:DEBUG:discord.client: Dispatching event socket_raw_send
2019-06-12 00:38:07,330:DEBUG:discord.client: Dispatching event socket_raw_send
2019-06-12 00:38:07,330:INFO:discord.gateway: Shard ID None has sent the IDENTIFY payload.
2019-06-12 00:38:07,477:DEBUG:discord.client: Dispatching event socket_raw_receive
2019-06-12 00:38:07,477:DEBUG:discord.gateway: For Shard ID None: WebSocket Event: {'t': None, 's': None, 'op': 11, 'd': None}
2019-06-12 00:38:07,477:DEBUG:discord.client: Dispatching event socket_response
2019-06-12 00:38:07,534:DEBUG:discord.client: Dispatching event socket_raw_receive
2019-06-12 00:38:07,534:DEBUG:discord.gateway: For Shard ID None: WebSocket Event: {'t': 'READY', 's': 1, 'op': 0, 'd': {'v': 6, 'user_settings': {}, 'user': {'verified': True, 'username': 'Goku Black', 'mfa_enabled': False, 'id': '582809508972068864', 'email': None, 'discriminator': '5306', 'bot': True, 'avatar': '915142fd245088ca99a762932e452d80'}, 'session_id': '201f3d306e02f7da712135e378577fba', 'relationships': [], 'private_channels': [], 'presences': [], 'guilds': [{'unavailable': True, 'id': '582815340484886528'}], '_trace': ['["gateway-prd-main-gbs0",{"micros":54329,"calls":["discord-sessions-prd-1-7",{"micros":47767,"calls":["start_session",{"micros":45160,"calls":[]},"guilds_connect",{"micros":2,"calls":[]},"presence_connect",{"micros":2083,"calls":[]}]}]}]']}}
2019-06-12 00:38:07,535:DEBUG:discord.client: Dispatching event socket_response
2019-06-12 00:38:07,535:INFO:discord.gateway: Shard ID None has connected to Gateway: ["gateway-prd-main-gbs0",{"micros":54329,"calls":["discord-sessions-prd-1-7",{"micros":47767,"calls":["start_session",{"micros":45160,"calls":[]},"guilds_connect",{"micros":2,"calls":[]},"presence_connect",{"micros":2083,"calls":[]}]}]}] (Session ID: 201f3d306e02f7da712135e378577fba).
2019-06-12 00:38:07,535:DEBUG:discord.client: Dispatching event connect
2019-06-12 00:38:07,535:DEBUG:discord.client: Dispatching event socket_raw_receive
2019-06-12 00:38:07,535:DEBUG:discord.gateway: For Shard ID None: WebSocket Event: {'t': 'GUILD_CREATE', 's': 2, 'op': 0, 'd': {'afk_timeout': 300, 'description': None, 'members': [{'user': {'username': 'SuperSaiyanAsian', 'id': '496094576608542731', 'discriminator': '5705', 'avatar': '63520a8e462abb71b04632cff8fb69fa'}, 'roles': [], 'mute': False, 'joined_at': '2019-05-28T06:20:05.359000+00:00', 'deaf': False}, {'user': {'username': 'Goku Black', 'id': '582809508972068864', 'discriminator': '5306', 'bot': True, 'avatar': '915142fd245088ca99a762932e452d80'}, 'roles': ['582815509943287824'], 'mute': False, 'joined_at': '2019-05-28T06:20:45.811000+00:00', 'deaf': False}], 'roles': [{'position': 0, 'permissions': 104324673, 'name': '@everyone', 'mentionable': False, 'managed': False, 'id': '582815340484886528', 'hoist': False, 'color': 0}, {'position': 2, 'permissions': 8, 'name': 'Test Bot', 'mentionable': False, 'managed': True, 'id': '582815509943287824', 'hoist': False, 'color': 0}, {'position': 1, 'permissions': 104324673, 'name': 'new role', 'mentionable': False, 'managed': False, 'id': '583185739865522186', 'hoist': False, 'color': 0}], 'afk_channel_id': None, 'system_channel_flags': 0, 'emojis': [], 'voice_states': [], 'unavailable': False, 'application_id': None, 'system_channel_id': '582815340484886530', 'name': 'Test Server', 'premium_tier': 0, 'joined_at': '2019-05-28T06:20:45.811000+00:00', 'banner': None, 'id': '582815340484886528', 'lazy': True, 'features': [], 'preferred_locale': 'en-US', 'region': 'us-west', 'member_count': 2, 'premium_subscription_count': 0, 'default_message_notifications': 0, 'channels': [{'user_limit': 0, 'type': 4, 'position': 0, 'permission_overwrites': [], 'name': 'Text Channels', 'id': '582815340484886529', 'bitrate': 64000}, {'type': 0, 'topic': None, 'rate_limit_per_user': 0, 'position': 0, 'permission_overwrites': [], 'parent_id': '582815340484886529', 'name': 'general', 'last_message_id': '588266302779555841', 'id': '582815340484886530'}, {'user_limit': 0, 'type': 4, 'position': 0, 'permission_overwrites': [], 'name': 'Voice Channels', 'id': '582815340484886531', 'bitrate': 64000}, {'user_limit': 0, 'type': 2, 'position': 0, 'permission_overwrites': [], 'parent_id': '582815340484886531', 'name': 'General', 'id': '582815340484886532', 'bitrate': 64000}], 'icon': None, 'vanity_url_code': None, 'owner_id': '496094576608542731', 'presences': [{'user': {'id': '496094576608542731'}, 'status': 'dnd', 'game': {'type': 2, 'timestamps': {'start': 1560324844231, 'end': 1560325033645}, 'sync_id': '6Y2DPBV2uBBfqQOPZnW3LD', 'state': 'Grizfolk', 'session_id': 'd225a87afe1ee7d07ba6b23a31ee67c3', 'party': {'id': 'spotify:496094576608542731'}, 'name': 'Spotify', 'id': 'spotify:1', 'flags': 48, 'details': 'Spoonful', 'created_at': 1560324849680, 'assets': {'large_text': 'Spoonful', 'large_image': 'spotify:25dceeda63b8dd3fcd3119d3304fe81f6b78fdcc'}}, 'client_status': {'desktop': 'dnd'}, 'activities': [{'type': 2, 'timestamps': {'start': 1560324844231, 'end': 1560325033645}, 'sync_id': '6Y2DPBV2uBBfqQOPZnW3LD', 'state': 'Grizfolk', 'session_id': 'd225a87afe1ee7d07ba6b23a31ee67c3', 'party': {'id': 'spotify:496094576608542731'}, 'name': 'Spotify', 'id': 'spotify:1', 'flags': 48, 'details': 'Spoonful', 'created_at': 1560324849680, 'assets': {'large_text': 'Spoonful', 'large_image': 'spotify:25dceeda63b8dd3fcd3119d3304fe81f6b78fdcc'}}]}, {'user': {'id': '582809508972068864'}, 'status': 'online', 'game': {'type': 2, 'name': 'your commands', 'id': 'ec0b28a579ecb4bd', 'created_at': 1560324973382}, 'client_status': {'web': 'online'}, 'activities': [{'type': 2, 'name': 'your commands', 'id': 'ec0b28a579ecb4bd', 'created_at': 1560324973382}]}], 'splash': None, 'mfa_level': 0, 'explicit_content_filter': 0, 'large': False, 'verification_level': 0}}
2019-06-12 00:38:07,535:DEBUG:discord.client: Dispatching event socket_response
2019-06-12 00:38:07,535:DEBUG:discord.client: Dispatching event guild_available
2019-06-12 00:38:09,537:DEBUG:discord.client: Dispatching event ready
2019-06-12 00:38:09,538:DEBUG:discord.gateway: Sending "{"op":3,"d":{"game":{"flags":0,"type":2,"name":"your commands"},"afk":false,"since":0.0,"status":"online"}}" to change status
2019-06-12 00:38:09,538:DEBUG:discord.client: Dispatching event socket_raw_send
